Mai 12, 2020 4:50:01 PM Reaktives_System.WatchedDirectory update
INFO: new WatchedFile CREATE: .gradle
Mai 12, 2020 4:50:01 PM Reaktives_System.WatchedDirectory update
INFO: new WatchedFile CREATE: .idea
Mai 12, 2020 4:50:01 PM Reaktives_System.WatchedDirectory update
INFO: new WatchedFile CREATE: build
Mai 12, 2020 4:50:01 PM Reaktives_System.WatchedDirectory update
INFO: new WatchedFile CREATE: build.gradle
Mai 12, 2020 4:50:01 PM Reaktives_System.WatchedDirectory update
INFO: new WatchedFile CREATE: DirectoryWatcherTest_ErrorExceptions.log
Mai 12, 2020 4:50:01 PM Reaktives_System.WatchedDirectory update
INFO: new WatchedFile CREATE: DirectoryWatcher_ErrorExceptions.log
Mai 12, 2020 4:50:01 PM Reaktives_System.WatchedDirectory update
INFO: new WatchedFile CREATE: DirectoryWatcher_ErrorExceptions.log.lck
Mai 12, 2020 4:50:01 PM Reaktives_System.WatchedDirectory update
INFO: new WatchedFile CREATE: gradle
Mai 12, 2020 4:50:01 PM Reaktives_System.WatchedDirectory update
INFO: new WatchedFile CREATE: gradlew
Mai 12, 2020 4:50:01 PM Reaktives_System.WatchedDirectory update
INFO: new WatchedFile CREATE: gradlew.bat
Mai 12, 2020 4:50:01 PM Reaktives_System.WatchedDirectory update
INFO: new WatchedFile CREATE: settings.gradle
Mai 12, 2020 4:50:01 PM Reaktives_System.WatchedDirectory update
INFO: new WatchedFile CREATE: src
Mai 12, 2020 4:50:01 PM Reaktives_System.WatchedDirectory update
INFO: new WatchedFile CREATE: Text File.txt
Mai 12, 2020 4:50:01 PM Reaktives_System.WatchedDirectory update
INFO: new WatchedFile CREATE: WatchedDirectoryTest_ErrorExceptions.log
Mai 12, 2020 4:50:01 PM Reaktives_System.WatchedDirectory update
INFO: new WatchedFile CREATE: WatchedDirectoryTest_ErrorExceptions.log.lck
Mai 12, 2020 4:50:01 PM Reaktives_System.WatchedDirectory update
INFO: new WatchedFile CREATE: WatchedDirectory_ErrorExceptions.log
Mai 12, 2020 4:50:01 PM Reaktives_System.WatchedDirectory update
INFO: new WatchedFile CREATE: WatchedDirectory_ErrorExceptions.log.lck
Mai 12, 2020 4:50:01 PM Reaktives_System.WatchedDirectory update
INFO: new WatchedFile CREATE: WatchedDirectory_stateTransitions.log
Mai 12, 2020 4:50:01 PM Reaktives_System.WatchedDirectory update
INFO: new WatchedFile CREATE: WatchedDirectory_stateTransitions.log.lck
Mai 12, 2020 4:50:01 PM Reaktives_System.WatchedDirectory update
INFO: new WatchedFile SYNC: build.gradle
