C:\DATEN\VORLESUNGEN\PRG1-WS2012-13\PRG1_UEBUNG\UEBUNG02 ZAHLTAB\ZAHLTAB\DEBUG\ZAHLTAB.EXE
C:\DATEN\VORLESUNGEN\PRG1-WS2012-13\PRG1_UEBUNG\UEBUNG02 ZAHLTAB\ZAHLTAB\DEBUG\ZAHLTAB.ILK
C:\DATEN\VORLESUNGEN\PRG1-WS2012-13\PRG1_UEBUNG\UEBUNG02 ZAHLTAB\ZAHLTAB\DEBUG\ZAHLTAB.PDB
C:\DATEN\VORLESUNGEN\PRG1-WS2012-13\PRG1_UEBUNG\UEBUNG02 ZAHLTAB\ZAHLTAB\ZAHLTAB\DEBUG\VC100.PDB
C:\DATEN\VORLESUNGEN\PRG1-WS2012-13\PRG1_UEBUNG\UEBUNG02 ZAHLTAB\ZAHLTAB\ZAHLTAB\DEBUG\ZAHLTAB.EXE.INTERMEDIATE.MANIFEST
C:\DATEN\VORLESUNGEN\PRG1-WS2012-13\PRG1_UEBUNG\UEBUNG02 ZAHLTAB\ZAHLTAB\ZAHLTAB\DEBUG\ZAHLTAB.OBJ
C:\DATEN\VORLESUNGEN\PRG1-WS2012-13\PRG1_UEBUNG\UEBUNG02 ZAHLTAB\ZAHLTAB-MUSTERLOESUNG\DEBUG\ZAHLTAB.EXE
C:\DATEN\VORLESUNGEN\PRG1-WS2012-13\PRG1_UEBUNG\UEBUNG02 ZAHLTAB\ZAHLTAB-MUSTERLOESUNG\DEBUG\ZAHLTAB.ILK
C:\DATEN\VORLESUNGEN\PRG1-WS2012-13\PRG1_UEBUNG\UEBUNG02 ZAHLTAB\ZAHLTAB-MUSTERLOESUNG\DEBUG\ZAHLTAB.PDB
C:\daten\vorlesungen\PRG1-WS2012-13\prg1_uebung\Uebung02 zahltab\zahltab-musterloesung\zahltab\Debug\cl.command.1.tlog
C:\daten\vorlesungen\PRG1-WS2012-13\prg1_uebung\Uebung02 zahltab\zahltab-musterloesung\zahltab\Debug\CL.read.1.tlog
C:\daten\vorlesungen\PRG1-WS2012-13\prg1_uebung\Uebung02 zahltab\zahltab-musterloesung\zahltab\Debug\CL.write.1.tlog
C:\daten\vorlesungen\PRG1-WS2012-13\prg1_uebung\Uebung02 zahltab\zahltab-musterloesung\zahltab\Debug\link.command.1.tlog
C:\daten\vorlesungen\PRG1-WS2012-13\prg1_uebung\Uebung02 zahltab\zahltab-musterloesung\zahltab\Debug\link.read.1.tlog
C:\daten\vorlesungen\PRG1-WS2012-13\prg1_uebung\Uebung02 zahltab\zahltab-musterloesung\zahltab\Debug\link.write.1.tlog
C:\daten\vorlesungen\PRG1-WS2012-13\prg1_uebung\Uebung02 zahltab\zahltab-musterloesung\zahltab\Debug\mt.command.1.tlog
C:\daten\vorlesungen\PRG1-WS2012-13\prg1_uebung\Uebung02 zahltab\zahltab-musterloesung\zahltab\Debug\mt.read.1.tlog
C:\daten\vorlesungen\PRG1-WS2012-13\prg1_uebung\Uebung02 zahltab\zahltab-musterloesung\zahltab\Debug\mt.write.1.tlog
C:\daten\vorlesungen\PRG1-WS2012-13\prg1_uebung\Uebung02 zahltab\zahltab-musterloesung\zahltab\Debug\vc100.idb
C:\DATEN\VORLESUNGEN\PRG1-WS2012-13\PRG1_UEBUNG\UEBUNG02 ZAHLTAB\ZAHLTAB-MUSTERLOESUNG\ZAHLTAB\DEBUG\VC100.PDB
C:\DATEN\VORLESUNGEN\PRG1-WS2012-13\PRG1_UEBUNG\UEBUNG02 ZAHLTAB\ZAHLTAB-MUSTERLOESUNG\ZAHLTAB\DEBUG\ZAHLTAB.EXE.INTERMEDIATE.MANIFEST
C:\DATEN\VORLESUNGEN\PRG1-WS2012-13\PRG1_UEBUNG\UEBUNG02 ZAHLTAB\ZAHLTAB-MUSTERLOESUNG\ZAHLTAB\DEBUG\ZAHLTAB.OBJ
