Build started 21.11.2012 10:41:47.
     1>Project "C:\daten\vorlesungen\PRG1-WS2012-13\prg1_uebung\Uebung08 Felder\primzahlen - Musterloesung\primzahlen\primzahlen.vcxproj" on node 2 (rebuild target(s)).
     1>InitializeBuildStatus:
         Creating "Debug\primzahlen.unsuccessfulbuild" because "AlwaysCreate" was specified.
       ClCompile:
         C:\Program Files (x86)\Microsoft Visual Studio 10.0\VC\bin\CL.exe /c /ZI /nologo /W3 /WX- /Od /Oy- /D _MBCS /Gm /EHsc /RTC1 /MDd /GS /fp:precise /Zc:wchar_t /Zc:forScope /Fo"Debug\\" /Fd"Debug\vc100.pdb" /Gd /TC /analyze- /errorReport:prompt funktionen.c mainfile.c
         mainfile.c
         funktionen.c
         Code wird generiert...
       Link:
         C:\Program Files (x86)\Microsoft Visual Studio 10.0\VC\bin\link.exe /ERRORREPORT:PROMPT /OUT:"C:\daten\vorlesungen\PRG1-WS2012-13\prg1_uebung\Uebung08 Felder\primzahlen - Musterloesung\Debug\primzahlen.exe" /NOLOGO kernel32.lib user32.lib gdi32.lib winspool.lib comdlg32.lib advapi32.lib shell32.lib ole32.lib oleaut32.lib uuid.lib odbc32.lib odbccp32.lib /MANIFEST /ManifestFile:"Debug\primzahlen.exe.intermediate.manifest" /MANIFESTUAC:"level='asInvoker' uiAccess='false'" /DEBUG /PDB:"C:\daten\vorlesungen\PRG1-WS2012-13\prg1_uebung\Uebung08 Felder\primzahlen - Musterloesung\Debug\primzahlen.pdb" /TLBID:1 /DYNAMICBASE /NXCOMPAT /IMPLIB:"C:\daten\vorlesungen\PRG1-WS2012-13\prg1_uebung\Uebung08 Felder\primzahlen - Musterloesung\Debug\primzahlen.lib" /MACHINE:X86 Debug\funktionen.obj
         Debug\mainfile.obj
         primzahlen.vcxproj -> C:\daten\vorlesungen\PRG1-WS2012-13\prg1_uebung\Uebung08 Felder\primzahlen - Musterloesung\Debug\primzahlen.exe
       Manifest:
         C:\Program Files (x86)\Microsoft SDKs\Windows\v7.0A\bin\mt.exe /nologo /verbose /outputresource:"C:\daten\vorlesungen\PRG1-WS2012-13\prg1_uebung\Uebung08 Felder\primzahlen - Musterloesung\Debug\primzahlen.exe;#1" /manifest Debug\primzahlen.exe.intermediate.manifest
       FinalizeBuildStatus:
         Deleting file "Debug\primzahlen.unsuccessfulbuild".
         Touching "Debug\primzahlen.lastbuildstate".
     1>Done Building Project "C:\daten\vorlesungen\PRG1-WS2012-13\prg1_uebung\Uebung08 Felder\primzahlen - Musterloesung\primzahlen\primzahlen.vcxproj" (rebuild target(s)).

Das Erstellen war erfolgreich.

Time Elapsed 00:00:03.16
