c:\users\anton\documents\fh-rosenheim\prozp (prozeduale programmierung)\übungen\ü8\primzahlen2\primzahlen\primzahlen\primzahlen\debug\vc141.pdb
c:\users\anton\documents\fh-rosenheim\prozp (prozeduale programmierung)\übungen\ü8\primzahlen2\primzahlen\primzahlen\primzahlen\debug\vc141.idb
c:\users\anton\documents\fh-rosenheim\prozp (prozeduale programmierung)\übungen\ü8\primzahlen2\primzahlen\primzahlen\primzahlen\debug\mainfile.obj
c:\users\anton\documents\fh-rosenheim\prozp (prozeduale programmierung)\übungen\ü8\primzahlen2\primzahlen\primzahlen\primzahlen\debug\funktionen.obj
c:\users\anton\documents\fh-rosenheim\prozp (prozeduale programmierung)\übungen\ü8\primzahlen2\primzahlen\primzahlen\debug\primzahlen.pdb
c:\users\anton\documents\fh-rosenheim\prozp (prozeduale programmierung)\übungen\ü8\primzahlen2\primzahlen\primzahlen\primzahlen\debug\primzahlen.tlog\cl.command.1.tlog
c:\users\anton\documents\fh-rosenheim\prozp (prozeduale programmierung)\übungen\ü8\primzahlen2\primzahlen\primzahlen\primzahlen\debug\primzahlen.tlog\cl.read.1.tlog
c:\users\anton\documents\fh-rosenheim\prozp (prozeduale programmierung)\übungen\ü8\primzahlen2\primzahlen\primzahlen\primzahlen\debug\primzahlen.tlog\cl.write.1.tlog
c:\users\anton\documents\fh-rosenheim\prozp (prozeduale programmierung)\übungen\ü8\primzahlen2\primzahlen\primzahlen\primzahlen\debug\primzahlen.tlog\link-cvtres.read.1.tlog
c:\users\anton\documents\fh-rosenheim\prozp (prozeduale programmierung)\übungen\ü8\primzahlen2\primzahlen\primzahlen\primzahlen\debug\primzahlen.tlog\link-cvtres.write.1.tlog
c:\users\anton\documents\fh-rosenheim\prozp (prozeduale programmierung)\übungen\ü8\primzahlen2\primzahlen\primzahlen\primzahlen\debug\primzahlen.tlog\link-rc.read.1.tlog
c:\users\anton\documents\fh-rosenheim\prozp (prozeduale programmierung)\übungen\ü8\primzahlen2\primzahlen\primzahlen\primzahlen\debug\primzahlen.tlog\link-rc.write.1.tlog
c:\users\anton\documents\fh-rosenheim\prozp (prozeduale programmierung)\übungen\ü8\primzahlen2\primzahlen\primzahlen\primzahlen\debug\primzahlen.tlog\link.18400-cvtres.read.1.tlog
c:\users\anton\documents\fh-rosenheim\prozp (prozeduale programmierung)\übungen\ü8\primzahlen2\primzahlen\primzahlen\primzahlen\debug\primzahlen.tlog\link.18400-cvtres.write.1.tlog
c:\users\anton\documents\fh-rosenheim\prozp (prozeduale programmierung)\übungen\ü8\primzahlen2\primzahlen\primzahlen\primzahlen\debug\primzahlen.tlog\link.18400-rc.read.1.tlog
c:\users\anton\documents\fh-rosenheim\prozp (prozeduale programmierung)\übungen\ü8\primzahlen2\primzahlen\primzahlen\primzahlen\debug\primzahlen.tlog\link.18400-rc.write.1.tlog
c:\users\anton\documents\fh-rosenheim\prozp (prozeduale programmierung)\übungen\ü8\primzahlen2\primzahlen\primzahlen\primzahlen\debug\primzahlen.tlog\link.18400.read.1.tlog
c:\users\anton\documents\fh-rosenheim\prozp (prozeduale programmierung)\übungen\ü8\primzahlen2\primzahlen\primzahlen\primzahlen\debug\primzahlen.tlog\link.18400.write.1.tlog
c:\users\anton\documents\fh-rosenheim\prozp (prozeduale programmierung)\übungen\ü8\primzahlen2\primzahlen\primzahlen\primzahlen\debug\primzahlen.tlog\link.command.1.tlog
c:\users\anton\documents\fh-rosenheim\prozp (prozeduale programmierung)\übungen\ü8\primzahlen2\primzahlen\primzahlen\primzahlen\debug\primzahlen.tlog\link.read.1.tlog
c:\users\anton\documents\fh-rosenheim\prozp (prozeduale programmierung)\übungen\ü8\primzahlen2\primzahlen\primzahlen\primzahlen\debug\primzahlen.tlog\link.write.1.tlog
