C:\DATEN\VORLESUNGEN\PRG1-WS2012-13\PRG1_UEBUNG\UEBUNG03 DATENTYPEN\DREIECK\DEBUG\DREIECK.EXE
C:\DATEN\VORLESUNGEN\PRG1-WS2012-13\PRG1_UEBUNG\UEBUNG03 DATENTYPEN\DREIECK\DEBUG\DREIECK.ILK
C:\DATEN\VORLESUNGEN\PRG1-WS2012-13\PRG1_UEBUNG\UEBUNG03 DATENTYPEN\DREIECK\DEBUG\DREIECK.PDB
C:\DATEN\VORLESUNGEN\PRG1-WS2012-13\PRG1_UEBUNG\UEBUNG03 DATENTYPEN\DREIECK\DREIECK\DEBUG\DREIECK.EXE.INTERMEDIATE.MANIFEST
C:\DATEN\VORLESUNGEN\PRG1-WS2012-13\PRG1_UEBUNG\UEBUNG03 DATENTYPEN\DREIECK\DREIECK\DEBUG\MAINFILE.OBJ
C:\DATEN\VORLESUNGEN\PRG1-WS2012-13\PRG1_UEBUNG\UEBUNG03 DATENTYPEN\DREIECK\DREIECK\DEBUG\VC100.PDB
C:\daten\vorlesungen\PRG1-WS2012-13\prg1_uebung\Uebung03 Dreieck\dreieck_Musterloesung\Debug\dreieck.exe
C:\daten\vorlesungen\PRG1-WS2012-13\prg1_uebung\Uebung03 Dreieck\dreieck_Musterloesung\Debug\dreieck.ilk
C:\daten\vorlesungen\PRG1-WS2012-13\prg1_uebung\Uebung03 Dreieck\dreieck_Musterloesung\Debug\dreieck.pdb
C:\daten\vorlesungen\PRG1-WS2012-13\prg1_uebung\Uebung03 Dreieck\dreieck_Musterloesung\dreieck\Debug\cl.command.1.tlog
C:\daten\vorlesungen\PRG1-WS2012-13\prg1_uebung\Uebung03 Dreieck\dreieck_Musterloesung\dreieck\Debug\CL.read.1.tlog
C:\daten\vorlesungen\PRG1-WS2012-13\prg1_uebung\Uebung03 Dreieck\dreieck_Musterloesung\dreieck\Debug\CL.write.1.tlog
C:\daten\vorlesungen\PRG1-WS2012-13\prg1_uebung\Uebung03 Dreieck\dreieck_Musterloesung\dreieck\Debug\dreieck.exe.intermediate.manifest
C:\daten\vorlesungen\PRG1-WS2012-13\prg1_uebung\Uebung03 Dreieck\dreieck_Musterloesung\dreieck\Debug\link.command.1.tlog
C:\daten\vorlesungen\PRG1-WS2012-13\prg1_uebung\Uebung03 Dreieck\dreieck_Musterloesung\dreieck\Debug\link.read.1.tlog
C:\daten\vorlesungen\PRG1-WS2012-13\prg1_uebung\Uebung03 Dreieck\dreieck_Musterloesung\dreieck\Debug\link.write.1.tlog
C:\daten\vorlesungen\PRG1-WS2012-13\prg1_uebung\Uebung03 Dreieck\dreieck_Musterloesung\dreieck\Debug\mainfile.obj
C:\daten\vorlesungen\PRG1-WS2012-13\prg1_uebung\Uebung03 Dreieck\dreieck_Musterloesung\dreieck\Debug\mt.command.1.tlog
C:\daten\vorlesungen\PRG1-WS2012-13\prg1_uebung\Uebung03 Dreieck\dreieck_Musterloesung\dreieck\Debug\mt.read.1.tlog
C:\daten\vorlesungen\PRG1-WS2012-13\prg1_uebung\Uebung03 Dreieck\dreieck_Musterloesung\dreieck\Debug\mt.write.1.tlog
C:\daten\vorlesungen\PRG1-WS2012-13\prg1_uebung\Uebung03 Dreieck\dreieck_Musterloesung\dreieck\Debug\vc100.idb
C:\daten\vorlesungen\PRG1-WS2012-13\prg1_uebung\Uebung03 Dreieck\dreieck_Musterloesung\dreieck\Debug\vc100.pdb
